Kanata	0004
C=	1
I	              0	              0	  0
S	              0	          0	F
C	1
I	              1	              1	  0
S	              1	          0	F
C	1
C	1
C	1
C	1
C	1
C	1
C	1
C	1
C	1
C	1
I	              2	              2	  0
S	              2	          0	F
C	1
C	1
I	              3	              3	  0
S	              3	          0	F
C	1
I	              4	              4	  0
S	              4	          0	F
C	1
C	1
I	              5	              5	  0
S	              5	          0	F
C	1
I	              6	              6	  0
S	              6	          0	F
C	1
C	1
I	              7	              7	  0
S	              7	          0	F
C	1
I	              8	              8	  0
S	              8	          0	F
C	1
C	1
I	              9	              9	  0
S	              9	          0	F
C	1
C	1
C	1
C	1
C	1
C	1
C	1
C	1
C	1
I	             10	             10	  0
S	             10	          0	F
C	1
C	1
I	             11	             11	  0
S	             11	          0	F
C	1
I	             12	             12	  0
S	             12	          0	F
C	1
C	1
I	             13	             13	  0
S	             13	          0	F
C	1
I	             14	             14	  0
S	             14	          0	F
C	1
C	1
I	             15	             15	  0
S	             15	          0	F
C	1
I	             16	             16	  0
S	             16	          0	F
C	1
C	1
I	             17	             17	  0
S	             17	          0	F
C	1
C	1
C	1
C	1
C	1
C	1
C	1
C	1
C	1
I	             18	             18	  0
S	             18	          0	F
C	1
C	1
I	             19	             19	  0
S	             19	          0	F
C	1
I	             20	             20	  0
S	             20	          0	F
C	1
C	1
C	1
C	1
C	1
C	1
C	1
C	1
C	1
C	1
C	1
C	1
I	             21	             21	  0
S	             21	          0	F
C	1
C	1
C	1
I	             22	             22	  0
S	             22	          0	F
C	1
I	             23	             23	  0
S	             23	          0	F
C	1
C	1
C	1
C	1
C	1
C	1
C	1
C	1
C	1
C	1
I	             24	             24	  0
S	             24	          0	F
C	1
C	1
C	1
C	1
C	1
C	1
C	1
C	1
C	1
C	1
C	1
I	             25	             25	  0
S	             25	          0	F
C	1
C	1
C	1
I	             26	             26	  0
S	             26	          0	F
C	1
C	1
I	             27	             27	  0
S	             27	          0	F
C	1
I	             28	             28	  0
S	             28	          0	F
C	1
C	1
I	             29	             29	  0
S	             29	          0	F
C	1
I	             30	             30	  0
S	             30	          0	F
C	1
C	1
C	1
C	1
C	1
C	1
C	1
C	1
C	1
C	1
I	             31	             31	  0
S	             31	          0	F
C	1
C	1
I	             32	             32	  0
S	             32	          0	F
C	1
C	1
C	1
I	             33	             33	  0
S	             33	          0	F
C	1
C	1
C	1
C	1
C	1
C	1
C	1
C	1
C	1
C	1
I	             34	             34	  0
S	             34	          0	F
C	1
C	1
C	1
C	1
C	1
C	1
C	1
C	1
C	1
C	1
C	1
C	1
I	             35	             35	  0
S	             35	          0	F
C	1
C	1
C	1
I	             36	             36	  0
S	             36	          0	F
C	1
C	1
C	1
I	             37	             37	  0
S	             37	          0	F
C	1
C	1
C	1
I	             38	             38	  0
S	             38	          0	F
C	1
C	1
I	             39	             39	  0
S	             39	          0	F
C	1
I	             40	             40	  0
S	             40	          0	F
C	1
C	1
I	             41	             41	  0
S	             41	          0	F
C	1
I	             42	             42	  0
S	             42	          0	F
C	1
C	1
I	             43	             43	  0
S	             43	          0	F
C	1
C	1
C	1
I	             44	             44	  0
S	             44	          0	F
C	1
C	1
I	             45	             45	  0
S	             45	          0	F
C	1
I	             46	             46	  0
S	             46	          0	F
C	1
C	1
C	1
C	1
C	1
C	1
I	             47	             47	  0
S	             47	          0	F
C	1
C	1
C	1
I	             48	             48	  0
S	             48	          0	F
C	1
C	1
C	1
C	1
C	1
I	             49	             49	  0
S	             49	          0	F
C	1
C	1
C	1
I	             50	             50	  0
S	             50	          0	F
C	1
C	1
C	1
I	             51	             51	  0
S	             51	          0	F
C	1
C	1
C	1
I	             52	             52	  0
S	             52	          0	F
C	1
C	1
C	1
I	             53	             53	  0
S	             53	          0	F
C	1
C	1
I	             54	             54	  0
S	             54	          0	F
C	1
I	             55	             55	  0
S	             55	          0	F
C	1
C	1
I	             56	             56	  0
S	             56	          0	F
C	1
I	             57	             57	  0
S	             57	          0	F
C	1
C	1
I	             58	             58	  0
S	             58	          0	F
C	1
C	1
C	1
I	             59	             59	  0
S	             59	          0	F
C	1
C	1
I	             60	             60	  0
S	             60	          0	F
C	1
I	             61	             61	  0
S	             61	          0	F
C	1
C	1
I	             62	             62	  0
S	             62	          0	F
C	1
C	1
C	1
I	             63	             63	  0
S	             63	          0	F
C	1
C	1
C	1
C	1
C	1
I	             64	             64	  0
S	             64	          0	F
C	1
C	1
C	1
I	             65	             65	  0
S	             65	          0	F
C	1
C	1
C	1
I	             66	             66	  0
S	             66	          0	F
C	1
C	1
C	1
I	             67	             67	  0
S	             67	          0	F
C	1
C	1
C	1
I	             68	             68	  0
S	             68	          0	F
C	1
C	1
I	             69	             69	  0
S	             69	          0	F
C	1
I	             70	             70	  0
S	             70	          0	F
C	1
C	1
I	             71	             71	  0
S	             71	          0	F
C	1
I	             72	             72	  0
S	             72	          0	F
C	1
C	1
I	             73	             73	  0
S	             73	          0	F
C	1
C	1
C	1
I	             74	             74	  0
S	             74	          0	F
C	1
C	1
I	             75	             75	  0
S	             75	          0	F
C	1
I	             76	             76	  0
S	             76	          0	F
C	1
C	1
I	             77	             77	  0
S	             77	          0	F
C	1
C	1
C	1
I	             78	             78	  0
S	             78	          0	F
C	1
C	1
C	1
C	1
C	1
I	             79	             79	  0
S	             79	          0	F
C	1
C	1
C	1
I	             80	             80	  0
S	             80	          0	F
C	1
C	1
C	1
I	             81	             81	  0
S	             81	          0	F
C	1
C	1
C	1
I	             82	             82	  0
S	             82	          0	F
C	1
C	1
C	1
I	             83	             83	  0
S	             83	          0	F
C	1
C	1
I	             84	             84	  0
S	             84	          0	F
C	1
I	             85	             85	  0
S	             85	          0	F
C	1
C	1
I	             86	             86	  0
S	             86	          0	F
C	1
I	             87	             87	  0
S	             87	          0	F
C	1
C	1
I	             88	             88	  0
S	             88	          0	F
C	1
C	1
C	1
I	             89	             89	  0
S	             89	          0	F
C	1
C	1
I	             90	             90	  0
S	             90	          0	F
C	1
I	             91	             91	  0
S	             91	          0	F
C	1
C	1
I	             92	             92	  0
S	             92	          0	F
C	1
C	1
C	1
I	             93	             93	  0
S	             93	          0	F
C	1
C	1
C	1
C	1
C	1
I	             94	             94	  0
S	             94	          0	F
C	1
C	1
C	1
I	             95	             95	  0
S	             95	          0	F
C	1
C	1
C	1
I	             96	             96	  0
S	             96	          0	F
C	1
C	1
C	1
I	             97	             97	  0
S	             97	          0	F
C	1
C	1
C	1
I	             98	             98	  0
S	             98	          0	F
C	1
C	1
I	             99	             99	  0
S	             99	          0	F
C	1
I	            100	            100	  0
S	            100	          0	F
C	1
C	1
I	            101	            101	  0
S	            101	          0	F
C	1
I	            102	            102	  0
S	            102	          0	F
C	1
C	1
I	            103	            103	  0
S	            103	          0	F
C	1
C	1
C	1
I	            104	            104	  0
S	            104	          0	F
C	1
C	1
I	            105	            105	  0
S	            105	          0	F
C	1
I	            106	            106	  0
S	            106	          0	F
C	1
C	1
I	            107	            107	  0
S	            107	          0	F
C	1
C	1
C	1
I	            108	            108	  0
S	            108	          0	F
C	1
C	1
C	1
C	1
C	1
I	            109	            109	  0
S	            109	          0	F
C	1
C	1
C	1
I	            110	            110	  0
S	            110	          0	F
C	1
C	1
C	1
I	            111	            111	  0
S	            111	          0	F
C	1
C	1
C	1
I	            112	            112	  0
S	            112	          0	F
C	1
C	1
C	1
I	            113	            113	  0
S	            113	          0	F
C	1
C	1
I	            114	            114	  0
S	            114	          0	F
C	1
I	            115	            115	  0
S	            115	          0	F
C	1
C	1
I	            116	            116	  0
S	            116	          0	F
C	1
I	            117	            117	  0
S	            117	          0	F
C	1
C	1
I	            118	            118	  0
S	            118	          0	F
C	1
C	1
C	1
I	            119	            119	  0
S	            119	          0	F
C	1
C	1
I	            120	            120	  0
S	            120	          0	F
C	1
I	            121	            121	  0
S	            121	          0	F
C	1
C	1
I	            122	            122	  0
S	            122	          0	F
C	1
C	1
C	1
I	            123	            123	  0
S	            123	          0	F
C	1
C	1
C	1
C	1
C	1
I	            124	            124	  0
S	            124	          0	F
C	1
C	1
C	1
I	            125	            125	  0
S	            125	          0	F
C	1
C	1
C	1
I	            126	            126	  0
S	            126	          0	F
C	1
C	1
C	1
I	            127	            127	  0
S	            127	          0	F
C	1
C	1
C	1
I	            128	            128	  0
S	            128	          0	F
C	1
C	1
I	            129	            129	  0
S	            129	          0	F
C	1
I	            130	            130	  0
S	            130	          0	F
C	1
C	1
I	            131	            131	  0
S	            131	          0	F
C	1
I	            132	            132	  0
S	            132	          0	F
C	1
C	1
I	            133	            133	  0
S	            133	          0	F
C	1
C	1
C	1
I	            134	            134	  0
S	            134	          0	F
C	1
C	1
I	            135	            135	  0
S	            135	          0	F
C	1
I	            136	            136	  0
S	            136	          0	F
C	1
C	1
I	            137	            137	  0
S	            137	          0	F
C	1
C	1
C	1
I	            138	            138	  0
S	            138	          0	F
C	1
C	1
C	1
C	1
C	1
I	            139	            139	  0
S	            139	          0	F
C	1
C	1
C	1
I	            140	            140	  0
S	            140	          0	F
C	1
C	1
C	1
I	            141	            141	  0
S	            141	          0	F
C	1
C	1
C	1
I	            142	            142	  0
S	            142	          0	F
C	1
C	1
C	1
I	            143	            143	  0
S	            143	          0	F
C	1
C	1
I	            144	            144	  0
S	            144	          0	F
C	1
I	            145	            145	  0
S	            145	          0	F
C	1
C	1
I	            146	            146	  0
S	            146	          0	F
C	1
I	            147	            147	  0
S	            147	          0	F
C	1
C	1
I	            148	            148	  0
S	            148	          0	F
C	1
C	1
C	1
I	            149	            149	  0
S	            149	          0	F
C	1
C	1
I	            150	            150	  0
S	            150	          0	F
C	1
I	            151	            151	  0
S	            151	          0	F
C	1
C	1
I	            152	            152	  0
S	            152	          0	F
C	1
C	1
C	1
I	            153	            153	  0
S	            153	          0	F
C	1
C	1
C	1
C	1
C	1
I	            154	            154	  0
S	            154	          0	F
C	1
C	1
C	1
I	            155	            155	  0
S	            155	          0	F
C	1
C	1
C	1
I	            156	            156	  0
S	            156	          0	F
C	1
C	1
C	1
I	            157	            157	  0
S	            157	          0	F
C	1
C	1
C	1
I	            158	            158	  0
S	            158	          0	F
C	1
C	1
I	            159	            159	  0
S	            159	          0	F
C	1
I	            160	            160	  0
S	            160	          0	F
C	1
C	1
I	            161	            161	  0
S	            161	          0	F
C	1
I	            162	            162	  0
S	            162	          0	F
C	1
C	1
I	            163	            163	  0
S	            163	          0	F
C	1
C	1
C	1
I	            164	            164	  0
S	            164	          0	F
C	1
C	1
I	            165	            165	  0
S	            165	          0	F
C	1
I	            166	            166	  0
S	            166	          0	F
C	1
C	1
I	            167	            167	  0
S	            167	          0	F
C	1
C	1
C	1
I	            168	            168	  0
S	            168	          0	F
C	1
C	1
C	1
C	1
C	1
I	            169	            169	  0
S	            169	          0	F
C	1
C	1
C	1
I	            170	            170	  0
S	            170	          0	F
C	1
C	1
C	1
I	            171	            171	  0
S	            171	          0	F
C	1
C	1
C	1
I	            172	            172	  0
S	            172	          0	F
C	1
C	1
C	1
I	            173	            173	  0
S	            173	          0	F
C	1
C	1
I	            174	            174	  0
S	            174	          0	F
C	1
I	            175	            175	  0
S	            175	          0	F
C	1
C	1
I	            176	            176	  0
S	            176	          0	F
C	1
I	            177	            177	  0
S	            177	          0	F
C	1
C	1
I	            178	            178	  0
S	            178	          0	F
C	1
C	1
C	1
I	            179	            179	  0
S	            179	          0	F
C	1
C	1
I	            180	            180	  0
S	            180	          0	F
C	1
I	            181	            181	  0
S	            181	          0	F
C	1
C	1
I	            182	            182	  0
S	            182	          0	F
C	1
C	1
C	1
I	            183	            183	  0
S	            183	          0	F
C	1
C	1
C	1
C	1
C	1
I	            184	            184	  0
S	            184	          0	F
C	1
C	1
C	1
I	            185	            185	  0
S	            185	          0	F
C	1
C	1
C	1
I	            186	            186	  0
S	            186	          0	F
C	1
C	1
C	1
I	            187	            187	  0
S	            187	          0	F
C	1
C	1
C	1
I	            188	            188	  0
S	            188	          0	F
C	1
C	1
I	            189	            189	  0
S	            189	          0	F
C	1
I	            190	            190	  0
S	            190	          0	F
C	1
C	1
I	            191	            191	  0
S	            191	          0	F
C	1
I	            192	            192	  0
S	            192	          0	F
C	1
C	1
I	            193	            193	  0
S	            193	          0	F
C	1
C	1
C	1
I	            194	            194	  0
S	            194	          0	F
C	1
C	1
I	            195	            195	  0
S	            195	          0	F
C	1
I	            196	            196	  0
S	            196	          0	F
C	1
C	1
I	            197	            197	  0
S	            197	          0	F
C	1
C	1
C	1
I	            198	            198	  0
S	            198	          0	F
C	1
C	1
C	1
C	1
C	1
I	            199	            199	  0
S	            199	          0	F
C	1
C	1
C	1
I	            200	            200	  0
S	            200	          0	F
C	1
C	1
C	1
I	            201	            201	  0
S	            201	          0	F
C	1
C	1
C	1
I	            202	            202	  0
S	            202	          0	F
C	1
C	1
C	1
I	            203	            203	  0
S	            203	          0	F
C	1
C	1
I	            204	            204	  0
S	            204	          0	F
C	1
I	            205	            205	  0
S	            205	          0	F
C	1
C	1
I	            206	            206	  0
S	            206	          0	F
C	1
I	            207	            207	  0
S	            207	          0	F
C	1
C	1
I	            208	            208	  0
S	            208	          0	F
C	1
C	1
C	1
I	            209	            209	  0
S	            209	          0	F
C	1
C	1
I	            210	            210	  0
S	            210	          0	F
C	1
I	            211	            211	  0
S	            211	          0	F
C	1
C	1
I	            212	            212	  0
S	            212	          0	F
C	1
C	1
C	1
I	            213	            213	  0
S	            213	          0	F
C	1
C	1
C	1
C	1
C	1
I	            214	            214	  0
S	            214	          0	F
C	1
C	1
C	1
I	            215	            215	  0
S	            215	          0	F
C	1
C	1
C	1
I	            216	            216	  0
S	            216	          0	F
C	1
C	1
C	1
I	            217	            217	  0
S	            217	          0	F
C	1
C	1
C	1
I	            218	            218	  0
S	            218	          0	F
C	1
C	1
I	            219	            219	  0
S	            219	          0	F
C	1
I	            220	            220	  0
S	            220	          0	F
C	1
C	1
I	            221	            221	  0
S	            221	          0	F
C	1
I	            222	            222	  0
S	            222	          0	F
C	1
C	1
I	            223	            223	  0
S	            223	          0	F
C	1
C	1
C	1
I	            224	            224	  0
S	            224	          0	F
C	1
C	1
I	            225	            225	  0
S	            225	          0	F
C	1
I	            226	            226	  0
S	            226	          0	F
C	1
C	1
I	            227	            227	  0
S	            227	          0	F
C	1
C	1
C	1
I	            228	            228	  0
S	            228	          0	F
C	1
C	1
C	1
C	1
C	1
I	            229	            229	  0
S	            229	          0	F
C	1
C	1
C	1
I	            230	            230	  0
S	            230	          0	F
C	1
C	1
C	1
I	            231	            231	  0
S	            231	          0	F
C	1
C	1
C	1
I	            232	            232	  0
S	            232	          0	F
C	1
C	1
C	1
I	            233	            233	  0
S	            233	          0	F
C	1
C	1
I	            234	            234	  0
S	            234	          0	F
C	1
I	            235	            235	  0
S	            235	          0	F
C	1
C	1
I	            236	            236	  0
S	            236	          0	F
C	1
I	            237	            237	  0
S	            237	          0	F
C	1
C	1
C	1
I	            238	            238	  0
S	            238	          0	F
C	1
C	1
I	            239	            239	  0
S	            239	          0	F
C	1
I	            240	            240	  0
S	            240	          0	F
C	1
C	1
I	            241	            241	  0
S	            241	          0	F
C	1
I	            242	            242	  0
S	            242	          0	F
C	1
C	1
C	1
C	1
I	            243	            243	  0
S	            243	          0	F
C	1
I	            244	            244	  0
S	            244	          0	F
C	1
C	1
I	            245	            245	  0
S	            245	          0	F
C	1
C	1
C	1
C	1
C	1
I	            246	            246	  0
S	            246	          0	F
C	1
C	1
C	1
I	            247	            247	  0
S	            247	          0	F
